<?xml version="1.0" encoding="UTF-8"?>
<!-- Generated by org.testng.reporters.JUnitReportReporter -->
<testsuite hostname="Kamini92" failures="0" tests="1" name="Assignmentphase3.GetAllEmployee" time="1.463" errors="0" timestamp="16 Jul 2023 05:11:01 GMT" skipped="0">
  <testcase classname="Assignmentphase3.GetAllEmployee" name="test1" time="1.463"/>
</testsuite> <!-- Assignmentphase3.GetAllEmployee -->
