<?xml version="1.0" encoding="UTF-8"?>
<!-- Generated by org.testng.reporters.JUnitReportReporter -->
<testsuite hostname="Kamini92" failures="0" tests="1" name="phaseend.EndtToEndTest" time="2.374" errors="0" timestamp="16 Jul 2023 07:16:40 GMT" skipped="0">
  <testcase classname="phaseend.EndtToEndTest" name="runtestCases" time="2.374"/>
</testsuite> <!-- phaseend.EndtToEndTest -->
